<?xml version="1.0" encoding="UTF-8"?>
<testng-results ignored="0" total="8" passed="8" failed="0" skipped="0">
  <reporter-output>
  </reporter-output>
  <suite started-at="٢٠٢٢-٠٥-٢٥T٢٣:٣٨:٤٤ EEST" name="Default suite" finished-at="٢٠٢٢-٠٥-٢٥T٢٣:٣٨:٤٤ EEST" duration-ms="181">
    <groups>
    </groups>
    <test started-at="٢٠٢٢-٠٥-٢٥T٢٣:٣٨:٤٤ EEST" name="Default test" finished-at="٢٠٢٢-٠٥-٢٥T٢٣:٣٨:٤٤ EEST" duration-ms="181">
      <class name="Replace.ReplaseSequenceTestGN">
        <test-method is-config="true" signature="setUp()[pri:0, instance:Replace.ReplaseSequenceTestGN@12b0404f]" started-at="٢٠٢٢-٠٥-٢٥T٢٣:٣٨:٤٤ EEST" name="setUp" finished-at="٢٠٢٢-٠٥-٢٥T٢٣:٣٨:٤٤ EEST" duration-ms="17" status="PASS">
          <reporter-output>
          </reporter-output>
        </test-method> <!-- setUp -->
        <test-method signature="test1()[pri:0, instance:Replace.ReplaseSequenceTestGN@12b0404f]" started-at="٢٠٢٢-٠٥-٢٥T٢٣:٣٨:٤٤ EEST" name="test1" finished-at="٢٠٢٢-٠٥-٢٥T٢٣:٣٨:٤٤ EEST" duration-ms="17" status="PASS">
          <reporter-output>
          </reporter-output>
        </test-method> <!-- test1 -->
        <test-method is-config="true" signature="setUp()[pri:0, instance:Replace.ReplaseSequenceTestGN@12b0404f]" started-at="٢٠٢٢-٠٥-٢٥T٢٣:٣٨:٤٤ EEST" name="setUp" finished-at="٢٠٢٢-٠٥-٢٥T٢٣:٣٨:٤٤ EEST" duration-ms="1" status="PASS">
          <reporter-output>
          </reporter-output>
        </test-method> <!-- setUp -->
        <test-method signature="test2()[pri:0, instance:Replace.ReplaseSequenceTestGN@12b0404f]" started-at="٢٠٢٢-٠٥-٢٥T٢٣:٣٨:٤٤ EEST" name="test2" finished-at="٢٠٢٢-٠٥-٢٥T٢٣:٣٨:٤٤ EEST" duration-ms="4" status="PASS">
          <reporter-output>
          </reporter-output>
        </test-method> <!-- test2 -->
        <test-method is-config="true" signature="setUp()[pri:0, instance:Replace.ReplaseSequenceTestGN@12b0404f]" started-at="٢٠٢٢-٠٥-٢٥T٢٣:٣٨:٤٤ EEST" name="setUp" finished-at="٢٠٢٢-٠٥-٢٥T٢٣:٣٨:٤٤ EEST" duration-ms="0" status="PASS">
          <reporter-output>
          </reporter-output>
        </test-method> <!-- setUp -->
        <test-method signature="test3()[pri:0, instance:Replace.ReplaseSequenceTestGN@12b0404f]" started-at="٢٠٢٢-٠٥-٢٥T٢٣:٣٨:٤٤ EEST" name="test3" finished-at="٢٠٢٢-٠٥-٢٥T٢٣:٣٨:٤٤ EEST" duration-ms="5" status="PASS">
          <reporter-output>
          </reporter-output>
        </test-method> <!-- test3 -->
        <test-method is-config="true" signature="setUp()[pri:0, instance:Replace.ReplaseSequenceTestGN@12b0404f]" started-at="٢٠٢٢-٠٥-٢٥T٢٣:٣٨:٤٤ EEST" name="setUp" finished-at="٢٠٢٢-٠٥-٢٥T٢٣:٣٨:٤٤ EEST" duration-ms="0" status="PASS">
          <reporter-output>
          </reporter-output>
        </test-method> <!-- setUp -->
        <test-method signature="test4()[pri:0, instance:Replace.ReplaseSequenceTestGN@12b0404f]" started-at="٢٠٢٢-٠٥-٢٥T٢٣:٣٨:٤٤ EEST" name="test4" finished-at="٢٠٢٢-٠٥-٢٥T٢٣:٣٨:٤٤ EEST" duration-ms="1" status="PASS">
          <reporter-output>
          </reporter-output>
        </test-method> <!-- test4 -->
        <test-method is-config="true" signature="setUp()[pri:0, instance:Replace.ReplaseSequenceTestGN@12b0404f]" started-at="٢٠٢٢-٠٥-٢٥T٢٣:٣٨:٤٤ EEST" name="setUp" finished-at="٢٠٢٢-٠٥-٢٥T٢٣:٣٨:٤٤ EEST" duration-ms="1" status="PASS">
          <reporter-output>
          </reporter-output>
        </test-method> <!-- setUp -->
        <test-method signature="test5()[pri:0, instance:Replace.ReplaseSequenceTestGN@12b0404f]" started-at="٢٠٢٢-٠٥-٢٥T٢٣:٣٨:٤٤ EEST" name="test5" finished-at="٢٠٢٢-٠٥-٢٥T٢٣:٣٨:٤٤ EEST" duration-ms="1" status="PASS">
          <reporter-output>
          </reporter-output>
        </test-method> <!-- test5 -->
        <test-method is-config="true" signature="setUp()[pri:0, instance:Replace.ReplaseSequenceTestGN@12b0404f]" started-at="٢٠٢٢-٠٥-٢٥T٢٣:٣٨:٤٤ EEST" name="setUp" finished-at="٢٠٢٢-٠٥-٢٥T٢٣:٣٨:٤٤ EEST" duration-ms="1" status="PASS">
          <reporter-output>
          </reporter-output>
        </test-method> <!-- setUp -->
        <test-method signature="test6()[pri:0, instance:Replace.ReplaseSequenceTestGN@12b0404f]" started-at="٢٠٢٢-٠٥-٢٥T٢٣:٣٨:٤٤ EEST" name="test6" finished-at="٢٠٢٢-٠٥-٢٥T٢٣:٣٨:٤٤ EEST" duration-ms="5" status="PASS">
          <reporter-output>
          </reporter-output>
        </test-method> <!-- test6 -->
        <test-method is-config="true" signature="setUp()[pri:0, instance:Replace.ReplaseSequenceTestGN@12b0404f]" started-at="٢٠٢٢-٠٥-٢٥T٢٣:٣٨:٤٤ EEST" name="setUp" finished-at="٢٠٢٢-٠٥-٢٥T٢٣:٣٨:٤٤ EEST" duration-ms="0" status="PASS">
          <reporter-output>
          </reporter-output>
        </test-method> <!-- setUp -->
        <test-method signature="test7()[pri:0, instance:Replace.ReplaseSequenceTestGN@12b0404f]" started-at="٢٠٢٢-٠٥-٢٥T٢٣:٣٨:٤٤ EEST" name="test7" finished-at="٢٠٢٢-٠٥-٢٥T٢٣:٣٨:٤٤ EEST" duration-ms="2" status="PASS">
          <reporter-output>
          </reporter-output>
        </test-method> <!-- test7 -->
        <test-method is-config="true" signature="setUp()[pri:0, instance:Replace.ReplaseSequenceTestGN@12b0404f]" started-at="٢٠٢٢-٠٥-٢٥T٢٣:٣٨:٤٤ EEST" name="setUp" finished-at="٢٠٢٢-٠٥-٢٥T٢٣:٣٨:٤٤ EEST" duration-ms="0" status="PASS">
          <reporter-output>
          </reporter-output>
        </test-method> <!-- setUp -->
        <test-method signature="test8()[pri:0, instance:Replace.ReplaseSequenceTestGN@12b0404f]" started-at="٢٠٢٢-٠٥-٢٥T٢٣:٣٨:٤٤ EEST" name="test8" finished-at="٢٠٢٢-٠٥-٢٥T٢٣:٣٨:٤٤ EEST" duration-ms="2" status="PASS">
          <reporter-output>
          </reporter-output>
        </test-method> <!-- test8 -->
      </class> <!-- Replace.ReplaseSequenceTestGN -->
    </test> <!-- Default test -->
  </suite> <!-- Default suite -->
</testng-results>
