<?xml version="1.0" encoding="UTF-8"?>
<testng-results ignored="0" total="6" passed="6" failed="0" skipped="0">
  <reporter-output>
  </reporter-output>
  <suite started-at="٢٠٢٢-٠٥-٢٥T٢٣:٢٦:٠٨ EEST" name="Default suite" finished-at="٢٠٢٢-٠٥-٢٥T٢٣:٢٦:٠٨ EEST" duration-ms="133">
    <groups>
    </groups>
    <test started-at="٢٠٢٢-٠٥-٢٥T٢٣:٢٦:٠٨ EEST" name="Default test" finished-at="٢٠٢٢-٠٥-٢٥T٢٣:٢٦:٠٨ EEST" duration-ms="133">
      <class name="resultTestNG.Result_TestNG">
        <test-method is-config="true" signature="setUp()[pri:0, instance:resultTestNG.Result_TestNG@56de5251]" started-at="٢٠٢٢-٠٥-٢٥T٢٣:٢٦:٠٨ EEST" name="setUp" finished-at="٢٠٢٢-٠٥-٢٥T٢٣:٢٦:٠٨ EEST" duration-ms="9" status="PASS">
          <reporter-output>
          </reporter-output>
        </test-method> <!-- setUp -->
        <test-method signature="test1()[pri:0, instance:resultTestNG.Result_TestNG@56de5251]" started-at="٢٠٢٢-٠٥-٢٥T٢٣:٢٦:٠٨ EEST" name="test1" finished-at="٢٠٢٢-٠٥-٢٥T٢٣:٢٦:٠٨ EEST" duration-ms="9" status="PASS">
          <reporter-output>
          </reporter-output>
        </test-method> <!-- test1 -->
        <test-method is-config="true" signature="setUp()[pri:0, instance:resultTestNG.Result_TestNG@56de5251]" started-at="٢٠٢٢-٠٥-٢٥T٢٣:٢٦:٠٨ EEST" name="setUp" finished-at="٢٠٢٢-٠٥-٢٥T٢٣:٢٦:٠٨ EEST" duration-ms="0" status="PASS">
          <reporter-output>
          </reporter-output>
        </test-method> <!-- setUp -->
        <test-method signature="test2()[pri:0, instance:resultTestNG.Result_TestNG@56de5251]" started-at="٢٠٢٢-٠٥-٢٥T٢٣:٢٦:٠٨ EEST" name="test2" finished-at="٢٠٢٢-٠٥-٢٥T٢٣:٢٦:٠٨ EEST" duration-ms="1" status="PASS">
          <reporter-output>
          </reporter-output>
        </test-method> <!-- test2 -->
        <test-method is-config="true" signature="setUp()[pri:0, instance:resultTestNG.Result_TestNG@56de5251]" started-at="٢٠٢٢-٠٥-٢٥T٢٣:٢٦:٠٨ EEST" name="setUp" finished-at="٢٠٢٢-٠٥-٢٥T٢٣:٢٦:٠٨ EEST" duration-ms="0" status="PASS">
          <reporter-output>
          </reporter-output>
        </test-method> <!-- setUp -->
        <test-method signature="test3()[pri:0, instance:resultTestNG.Result_TestNG@56de5251]" started-at="٢٠٢٢-٠٥-٢٥T٢٣:٢٦:٠٨ EEST" name="test3" finished-at="٢٠٢٢-٠٥-٢٥T٢٣:٢٦:٠٨ EEST" duration-ms="1" status="PASS">
          <reporter-output>
          </reporter-output>
        </test-method> <!-- test3 -->
        <test-method is-config="true" signature="setUp()[pri:0, instance:resultTestNG.Result_TestNG@56de5251]" started-at="٢٠٢٢-٠٥-٢٥T٢٣:٢٦:٠٨ EEST" name="setUp" finished-at="٢٠٢٢-٠٥-٢٥T٢٣:٢٦:٠٨ EEST" duration-ms="1" status="PASS">
          <reporter-output>
          </reporter-output>
        </test-method> <!-- setUp -->
        <test-method signature="test4()[pri:0, instance:resultTestNG.Result_TestNG@56de5251]" started-at="٢٠٢٢-٠٥-٢٥T٢٣:٢٦:٠٨ EEST" name="test4" finished-at="٢٠٢٢-٠٥-٢٥T٢٣:٢٦:٠٨ EEST" duration-ms="7" status="PASS">
          <reporter-output>
          </reporter-output>
        </test-method> <!-- test4 -->
        <test-method is-config="true" signature="setUp()[pri:0, instance:resultTestNG.Result_TestNG@56de5251]" started-at="٢٠٢٢-٠٥-٢٥T٢٣:٢٦:٠٨ EEST" name="setUp" finished-at="٢٠٢٢-٠٥-٢٥T٢٣:٢٦:٠٨ EEST" duration-ms="1" status="PASS">
          <reporter-output>
          </reporter-output>
        </test-method> <!-- setUp -->
        <test-method signature="test5()[pri:0, instance:resultTestNG.Result_TestNG@56de5251]" started-at="٢٠٢٢-٠٥-٢٥T٢٣:٢٦:٠٨ EEST" name="test5" finished-at="٢٠٢٢-٠٥-٢٥T٢٣:٢٦:٠٨ EEST" duration-ms="7" status="PASS">
          <reporter-output>
          </reporter-output>
        </test-method> <!-- test5 -->
        <test-method signature="test6()[pri:0, instance:resultTestNG.Result_TestNG@56de5251]" started-at="٢٠٢٢-٠٥-٢٥T٢٣:٢٦:٠٨ EEST" name="test6" finished-at="٢٠٢٢-٠٥-٢٥T٢٣:٢٦:٠٨ EEST" duration-ms="4" status="PASS">
          <reporter-output>
          </reporter-output>
        </test-method> <!-- test6 -->
        <test-method is-config="true" signature="setUp()[pri:0, instance:resultTestNG.Result_TestNG@56de5251]" started-at="٢٠٢٢-٠٥-٢٥T٢٣:٢٦:٠٨ EEST" name="setUp" finished-at="٢٠٢٢-٠٥-٢٥T٢٣:٢٦:٠٨ EEST" duration-ms="0" status="PASS">
          <reporter-output>
          </reporter-output>
        </test-method> <!-- setUp -->
      </class> <!-- resultTestNG.Result_TestNG -->
    </test> <!-- Default test -->
  </suite> <!-- Default suite -->
</testng-results>
