<?xml version="1.0" encoding="UTF-8"?>
<!-- Generated by org.testng.reporters.JUnitXMLReporter -->
<testsuite ignored="0" hostname="DESKTOP-FUB097I" failures="0" tests="8" name="Default test" time="0.181" errors="0" timestamp="٢٠٢٢-٠٥-٢٥T٢٣:٣٨:٤٤ EEST">
  <testcase classname="Replace.ReplaseSequenceTestGN" name="test1" time="0.017"/>
  <testcase classname="Replace.ReplaseSequenceTestGN" name="test2" time="0.004"/>
  <testcase classname="Replace.ReplaseSequenceTestGN" name="test3" time="0.005"/>
  <testcase classname="Replace.ReplaseSequenceTestGN" name="test4" time="0.001"/>
  <testcase classname="Replace.ReplaseSequenceTestGN" name="test5" time="0.001"/>
  <testcase classname="Replace.ReplaseSequenceTestGN" name="test6" time="0.005"/>
  <testcase classname="Replace.ReplaseSequenceTestGN" name="test7" time="0.002"/>
  <testcase classname="Replace.ReplaseSequenceTestGN" name="test8" time="0.002"/>
</testsuite> <!-- Default test -->
