<?xml version="1.0" encoding="UTF-8"?>
<!-- Generated by org.testng.reporters.JUnitXMLReporter -->
<testsuite ignored="0" hostname="DESKTOP-FUB097I" failures="0" tests="13" name="Default test" time="0.193" errors="0" timestamp="٢٠٢٢-٠٥-٢٥T٢٣:٠٨:٥٨ EEST">
  <testcase classname="TestTraingle.TraingleTestCases" name="test1" time="0.029"/>
  <testcase classname="TestTraingle.TraingleTestCases" name="test10" time="0.002"/>
  <testcase classname="TestTraingle.TraingleTestCases" name="test11" time="0.006"/>
  <testcase classname="TestTraingle.TraingleTestCases" name="test12" time="0.002"/>
  <testcase classname="TestTraingle.TraingleTestCases" name="test13" time="0.003"/>
  <testcase classname="TestTraingle.TraingleTestCases" name="test2" time="0.002"/>
  <testcase classname="TestTraingle.TraingleTestCases" name="test3" time="0.002"/>
  <testcase classname="TestTraingle.TraingleTestCases" name="test4" time="0.004"/>
  <testcase classname="TestTraingle.TraingleTestCases" name="test5" time="0.001"/>
  <testcase classname="TestTraingle.TraingleTestCases" name="test6" time="0.001"/>
  <testcase classname="TestTraingle.TraingleTestCases" name="test7" time="0.002"/>
  <testcase classname="TestTraingle.TraingleTestCases" name="test8" time="0.003"/>
  <testcase classname="TestTraingle.TraingleTestCases" name="test9" time="0.003"/>
</testsuite> <!-- Default test -->
