<?xml version="1.0" encoding="UTF-8"?>
<!-- Generated by org.testng.reporters.JUnitXMLReporter -->
<testsuite ignored="0" hostname="DESKTOP-FUB097I" failures="0" tests="6" name="Default test" time="0.133" errors="0" timestamp="٢٠٢٢-٠٥-٢٥T٢٣:٢٦:٠٨ EEST">
  <testcase classname="resultTestNG.Result_TestNG" name="test1" time="0.009"/>
  <testcase classname="resultTestNG.Result_TestNG" name="test2" time="0.001"/>
  <testcase classname="resultTestNG.Result_TestNG" name="test3" time="0.001"/>
  <testcase classname="resultTestNG.Result_TestNG" name="test4" time="0.007"/>
  <testcase classname="resultTestNG.Result_TestNG" name="test5" time="0.007"/>
  <testcase classname="resultTestNG.Result_TestNG" name="test6" time="0.004"/>
</testsuite> <!-- Default test -->
